2026-02-19 21:35:32   0%|                                                  | 0/1000 [00:00<?, ?it/s]2026-02-20 06:35:32,383 - INFO - [BatchDiff] Caching initial model to CPU memory...
2026-02-19 21:35:33 2026-02-20 06:35:33,026 - INFO - [BatchDiff] Initial model cached (3875.2 MB) in 0.643s
2026-02-19 21:35:33 2026-02-20 06:35:33,026 - INFO - [BatchDiff] Memory: cache=3875.2MB, system=15.9/251.1GB (on-demand mode)
2026-02-19 21:35:33 2026-02-20 06:35:33,027 - INFO - [BatchDiff] Mode: L1 (Pure Differential (current step only)) - on-demand reconstruction
2026-02-19 21:35:36   1%|▍                                        | 10/1000 [00:06<03:44,  4.41it/s]2026-02-20 06:35:38,460 - INFO - [BatchDiff] GPU step 10, Updates: 10 (on-demand mode)
2026-02-19 21:35:38   2%|▊                                        | 20/1000 [00:07<02:55,  5.59it/s]2026-02-20 06:35:40,240 - INFO - [BatchDiff] GPU step 20, Updates: 20 (on-demand mode)
2026-02-19 21:35:38 {'loss': 0.777, 'learning_rate': 1e-07, 'epoch': 0.16}
2026-02-19 21:35:40   3%|█▏                                       | 30/1000 [00:09<02:54,  5.56it/s]2026-02-20 06:35:42,053 - INFO - [BatchDiff] GPU step 30, Updates: 30 (on-demand mode)
2026-02-19 21:35:40 {'loss': 0.7638, 'learning_rate': 1e-07, 'epoch': 0.32}
2026-02-19 21:35:42   4%|█▋                                       | 40/1000 [00:11<02:51,  5.59it/s]2026-02-20 06:35:43,868 - INFO - [BatchDiff] GPU step 40, Updates: 40 (on-demand mode)
2026-02-19 21:35:42 {'loss': 0.7585, 'learning_rate': 1e-07, 'epoch': 0.48}
2026-02-19 21:35:43   5%|██                                       | 50/1000 [00:13<02:44,  5.77it/s]2026-02-20 06:35:45,600 - INFO - [BatchDiff] GPU step 50, Updates: 50 (on-demand mode)
2026-02-19 21:35:43 {'loss': 0.7351, 'learning_rate': 1e-07, 'epoch': 0.63}
2026-02-19 21:35:45   6%|██▍                                      | 60/1000 [00:14<02:43,  5.73it/s]2026-02-20 06:35:47,365 - INFO - [BatchDiff] GPU step 60, Updates: 60 (on-demand mode)
2026-02-19 21:35:45 {'loss': 0.7624, 'learning_rate': 1e-07, 'epoch': 0.79}
2026-02-19 21:35:47   7%|██▊                                      | 70/1000 [00:16<02:45,  5.62it/s]2026-02-20 06:35:49,124 - INFO - [BatchDiff] GPU step 70, Updates: 70 (on-demand mode)
2026-02-19 21:35:47 {'loss': 0.6934, 'learning_rate': 1e-07, 'epoch': 0.95}
2026-02-19 21:35:49   8%|███▎                                     | 80/1000 [00:18<02:43,  5.64it/s]2026-02-20 06:35:50,907 - INFO - [BatchDiff] GPU step 80, Updates: 80 (on-demand mode)
2026-02-19 21:35:49 {'loss': 0.8307, 'learning_rate': 1e-07, 'epoch': 1.11}
2026-02-19 21:35:50   9%|███▋                                     | 90/1000 [00:20<02:39,  5.70it/s]2026-02-20 06:35:52,667 - INFO - [BatchDiff] GPU step 90, Updates: 90 (on-demand mode)
2026-02-19 21:35:50 {'loss': 0.747, 'learning_rate': 1e-07, 'epoch': 1.27}
2026-02-19 21:35:52  10%|████                                    | 100/1000 [00:22<02:36,  5.73it/s]2026-02-20 06:35:54,421 - INFO - [BatchDiff] GPU step 100, Updates: 100 (on-demand mode)
2026-02-19 21:35:52 {'loss': 0.7017, 'learning_rate': 1e-07, 'epoch': 1.43}
2026-02-19 21:35:54  10%|████                                    | 100/1000 [00:28<02:36,  5.73it/s]2026-02-20 06:36:00,695 - INFO - [BatchDiff] Saving full checkpoint at step 100
2026-02-19 21:35:54 {'loss': 0.7115, 'learning_rate': 1e-07, 'epoch': 1.59}
2026-02-19 21:35:54 Warning: ZO2 may not efficiently optimize the evaluation stage, which could result in slower performance.
2026-02-19 21:35:54 2026-02-20 06:36:00,697 - INFO - [Checkpoint Timing] model.state_dict() took 0.001s
2026-02-19 21:36:00 {'eval_loss': 0.7431640625, 'eval_model_preparation_time': 0.0581, 'eval_runtime': 6.181, 'eval_samples_per_second': 80.893, 'eval_steps_per_second': 10.192, 'epoch': 1.59}
2026-02-19 21:36:01 2026-02-20 06:36:01,100 - INFO - [Checkpoint Timing] Copy to CPU memory took 0.403s
2026-02-19 21:36:20 2026-02-20 06:36:20,776 - INFO - [Checkpoint Timing] Saved model using safetensors
2026-02-19 21:36:20 2026-02-20 06:36:20,777 - INFO - [Checkpoint Timing] Write to disk took 19.676s (3875.3 MB)
2026-02-19 21:36:20 2026-02-20 06:36:20,777 - INFO - [BatchDiff] Cleared update history (batch_size=1)
2026-02-19 21:36:20 2026-02-20 06:36:20,777 - INFO - [BatchDiff] Full checkpoint cached (3875.2 MB)
2026-02-19 21:36:20 2026-02-20 06:36:20,778 - INFO - [Checkpoint Timing] Full checkpoint total: state_dict=0.001s, copy_to_cpu=0.403s, write_to_disk=19.676s, total=20.082s
2026-02-19 21:36:21 2026-02-20 06:36:21,269 - INFO - [Checkpoint Timing] Full checkpoint save took 20.574s at step 100
2026-02-19 21:36:21 2026-02-20 06:36:21,269 - INFO - [ZOTrainer] Full checkpoint at step 100, total took 20.607s
2026-02-19 21:36:21 2026-02-20 06:36:21,269 - INFO - [BatchDiff] Saving differential checkpoint at step 100...
2026-02-19 21:36:23 2026-02-20 06:36:23,431 - INFO - [BatchDiff] Saved 0 updates (0.2 KB)
2026-02-19 21:36:23 2026-02-20 06:36:23,431 - INFO - [Checkpoint Timing] History copy took 0.000s, JSON write took 2.162s
2026-02-19 21:36:25 2026-02-20 06:36:25,112 - INFO - [BatchDiff] Deleted model.safetensors (3875.3 MB)
2026-02-19 21:36:25 2026-02-20 06:36:25,113 - INFO - [Checkpoint Timing] Differential checkpoint internal: mkdir=0.000s, copy=0.000s, json=2.162s, meta=0.220s, delete=1.462s, total=3.844s
2026-02-19 21:36:25 2026-02-20 06:36:25,113 - INFO - [Checkpoint Timing] Differential checkpoint save took 3.844s at step 100
2026-02-19 21:36:25  11%|████▍                                   | 110/1000 [00:54<08:05,  1.83it/s]2026-02-20 06:36:26,839 - INFO - [BatchDiff] GPU step 110, Updates: 10 (on-demand mode)
2026-02-19 21:36:26  12%|████▊                                   | 120/1000 [00:56<02:48,  5.22it/s]2026-02-20 06:36:28,636 - INFO - [BatchDiff] GPU step 120, Updates: 20 (on-demand mode)
2026-02-19 21:36:26 {'loss': 0.8091, 'learning_rate': 1e-07, 'epoch': 1.75}
2026-02-19 21:36:28  13%|█████▏                                  | 130/1000 [00:58<02:31,  5.73it/s]2026-02-20 06:36:30,408 - INFO - [BatchDiff] GPU step 130, Updates: 30 (on-demand mode)
2026-02-19 21:36:28 {'loss': 0.6876, 'learning_rate': 1e-07, 'epoch': 1.9}
2026-02-19 21:36:30  14%|█████▌                                  | 140/1000 [00:59<02:28,  5.78it/s]2026-02-20 06:36:32,164 - INFO - [BatchDiff] GPU step 140, Updates: 40 (on-demand mode)
2026-02-19 21:36:30 {'loss': 0.694, 'learning_rate': 1e-07, 'epoch': 2.06}
2026-02-19 21:36:32  15%|██████                                  | 150/1000 [01:01<02:27,  5.76it/s]2026-02-20 06:36:33,922 - INFO - [BatchDiff] GPU step 150, Updates: 50 (on-demand mode)
2026-02-19 21:36:32 {'loss': 0.6858, 'learning_rate': 1e-07, 'epoch': 2.22}
2026-02-19 21:36:33  16%|██████▍                                 | 160/1000 [01:03<02:29,  5.64it/s]2026-02-20 06:36:35,705 - INFO - [BatchDiff] GPU step 160, Updates: 60 (on-demand mode)
2026-02-19 21:36:33 {'loss': 0.6817, 'learning_rate': 1e-07, 'epoch': 2.38}
2026-02-19 21:36:35  17%|██████▊                                 | 170/1000 [01:05<02:32,  5.43it/s]2026-02-20 06:36:37,504 - INFO - [BatchDiff] GPU step 170, Updates: 70 (on-demand mode)
2026-02-19 21:36:35 {'loss': 0.83, 'learning_rate': 1e-07, 'epoch': 2.54}
2026-02-19 21:36:37  18%|███████▏                                | 180/1000 [01:06<02:23,  5.70it/s]2026-02-20 06:36:39,257 - INFO - [BatchDiff] GPU step 180, Updates: 80 (on-demand mode)
2026-02-19 21:36:37 {'loss': 0.7553, 'learning_rate': 1e-07, 'epoch': 2.7}
2026-02-19 21:36:39  19%|███████▌                                | 190/1000 [01:08<02:20,  5.77it/s]2026-02-20 06:36:41,023 - INFO - [BatchDiff] GPU step 190, Updates: 90 (on-demand mode)
2026-02-19 21:36:39 {'loss': 0.7215, 'learning_rate': 1e-07, 'epoch': 2.86}
2026-02-19 21:36:41  20%|████████                                | 200/1000 [01:10<02:22,  5.61it/s]2026-02-20 06:36:42,827 - INFO - [BatchDiff] GPU step 200, Updates: 100 (on-demand mode)
2026-02-19 21:36:41 {'loss': 0.7216, 'learning_rate': 1e-07, 'epoch': 3.02}
2026-02-19 21:36:42  20%|████████                                | 200/1000 [01:16<02:22,  5.61it/s]2026-02-20 06:36:48,897 - INFO - [BatchDiff] Saving differential checkpoint at step 200...
2026-02-19 21:36:42 {'loss': 0.6636, 'learning_rate': 1e-07, 'epoch': 3.17}
2026-02-19 21:36:42 2026-02-20 06:36:48,900 - INFO - [BatchDiff] Saved 99 updates (7.5 KB)          
2026-02-19 21:36:48 {'eval_loss': 0.716796875, 'eval_model_preparation_time': 0.0581, 'eval_runtime': 6.0033, 'eval_samples_per_second': 83.287, 'eval_steps_per_second': 10.494, 'epoch': 3.17}
2026-02-19 21:36:48 2026-02-20 06:36:48,900 - INFO - [Checkpoint Timing] History copy took 0.000s, JSON write took 0.003s
2026-02-19 21:36:48 2026-02-20 06:36:48,903 - INFO - [Checkpoint Timing] Differential checkpoint internal: mkdir=0.000s, copy=0.000s, json=0.003s, meta=0.002s, delete=0.001s, total=0.006s
2026-02-19 21:36:48 2026-02-20 06:36:48,903 - INFO - [Checkpoint Timing] Differential checkpoint save took 0.006s at step 200
2026-02-19 21:36:48 2026-02-20 06:36:48,903 - INFO - [ZOTrainer] Differential checkpoint at step 200, total took 0.013s
2026-02-19 21:36:48 2026-02-20 06:36:48,903 - INFO - [BatchDiff] Saving differential checkpoint at step 200...
2026-02-19 21:36:48 2026-02-20 06:36:48,906 - INFO - [BatchDiff] Saved 0 updates (0.2 KB)
2026-02-19 21:36:48 2026-02-20 06:36:48,906 - INFO - [Checkpoint Timing] History copy took 0.000s, JSON write took 0.002s
2026-02-19 21:36:48 2026-02-20 06:36:48,910 - INFO - [Checkpoint Timing] Differential checkpoint internal: mkdir=0.000s, copy=0.000s, json=0.002s, meta=0.002s, delete=0.001s, total=0.006s
2026-02-19 21:36:48 2026-02-20 06:36:48,910 - INFO - [Checkpoint Timing] Differential checkpoint save took 0.006s at step 200
2026-02-19 21:36:49  21%|████████▍                               | 210/1000 [01:18<03:20,  3.93it/s]2026-02-20 06:36:50,685 - INFO - [BatchDiff] GPU step 210, Updates: 110 (on-demand mode)
2026-02-19 21:36:50  22%|████████▊                               | 220/1000 [01:20<02:19,  5.58it/s]2026-02-20 06:36:52,415 - INFO - [BatchDiff] GPU step 220, Updates: 120 (on-demand mode)
2026-02-19 21:36:50 {'loss': 0.7512, 'learning_rate': 1e-07, 'epoch': 3.33}
2026-02-19 21:36:52  23%|█████████▏                              | 230/1000 [01:21<02:13,  5.77it/s]2026-02-20 06:36:54,180 - INFO - [BatchDiff] GPU step 230, Updates: 130 (on-demand mode)
2026-02-19 21:36:52 {'loss': 0.736, 'learning_rate': 1e-07, 'epoch': 3.49}
2026-02-19 21:36:54  24%|█████████▌                              | 240/1000 [01:23<02:16,  5.55it/s]2026-02-20 06:36:55,965 - INFO - [BatchDiff] GPU step 240, Updates: 140 (on-demand mode)
2026-02-19 21:36:54 {'loss': 0.7128, 'learning_rate': 1e-07, 'epoch': 3.65}
2026-02-19 21:36:55  25%|██████████                              | 250/1000 [01:25<02:12,  5.68it/s]2026-02-20 06:36:57,741 - INFO - [BatchDiff] GPU step 250, Updates: 150 (on-demand mode)
2026-02-19 21:36:55 {'loss': 0.7837, 'learning_rate': 1e-07, 'epoch': 3.81}
2026-02-19 21:36:57  26%|██████████▍                             | 260/1000 [01:27<02:08,  5.76it/s]2026-02-20 06:36:59,468 - INFO - [BatchDiff] GPU step 260, Updates: 160 (on-demand mode)
2026-02-19 21:36:57 {'loss': 0.7352, 'learning_rate': 1e-07, 'epoch': 3.97}
2026-02-19 21:36:59  27%|██████████▊                             | 270/1000 [01:28<02:05,  5.80it/s]2026-02-20 06:37:01,238 - INFO - [BatchDiff] GPU step 270, Updates: 170 (on-demand mode)
2026-02-19 21:36:59 {'loss': 0.6308, 'learning_rate': 1e-07, 'epoch': 4.13}
2026-02-19 21:37:01  28%|███████████▏                            | 280/1000 [01:30<02:07,  5.63it/s]2026-02-20 06:37:03,026 - INFO - [BatchDiff] GPU step 280, Updates: 180 (on-demand mode)
2026-02-19 21:37:01 {'loss': 0.7824, 'learning_rate': 1e-07, 'epoch': 4.29}
2026-02-19 21:37:03  29%|███████████▌                            | 290/1000 [01:32<02:02,  5.81it/s]2026-02-20 06:37:04,757 - INFO - [BatchDiff] GPU step 290, Updates: 190 (on-demand mode)
2026-02-19 21:37:03 {'loss': 0.6536, 'learning_rate': 1e-07, 'epoch': 4.44}
2026-02-19 21:37:04  30%|████████████                            | 300/1000 [01:34<02:07,  5.49it/s]2026-02-20 06:37:06,542 - INFO - [BatchDiff] GPU step 300, Updates: 200 (on-demand mode)
2026-02-19 21:37:04 {'loss': 0.8258, 'learning_rate': 1e-07, 'epoch': 4.6}
2026-02-19 21:37:06  30%|████████████                            | 300/1000 [01:40<02:07,  5.49it/s]2026-02-20 06:37:12,628 - INFO - [BatchDiff] Saving differential checkpoint at step 300...
2026-02-19 21:37:06 {'loss': 0.6799, 'learning_rate': 1e-07, 'epoch': 4.76}
2026-02-19 21:37:06 2026-02-20 06:37:12,632 - INFO - [BatchDiff] Saved 99 updates (7.5 KB)          
2026-02-19 21:37:12 {'eval_loss': 0.69873046875, 'eval_model_preparation_time': 0.0581, 'eval_runtime': 6.0198, 'eval_samples_per_second': 83.059, 'eval_steps_per_second': 10.465, 'epoch': 4.76}
2026-02-19 21:37:12 2026-02-20 06:37:12,632 - INFO - [Checkpoint Timing] History copy took 0.000s, JSON write took 0.003s
2026-02-19 21:37:12 2026-02-20 06:37:12,635 - INFO - [Checkpoint Timing] Differential checkpoint internal: mkdir=0.000s, copy=0.000s, json=0.003s, meta=0.002s, delete=0.001s, total=0.006s
2026-02-19 21:37:12 2026-02-20 06:37:12,635 - INFO - [Checkpoint Timing] Differential checkpoint save took 0.007s at step 300
2026-02-19 21:37:12 2026-02-20 06:37:12,635 - INFO - [ZOTrainer] Differential checkpoint at step 300, total took 0.014s
2026-02-19 21:37:12 2026-02-20 06:37:12,635 - INFO - [BatchDiff] Saving differential checkpoint at step 300...
2026-02-19 21:37:12 2026-02-20 06:37:12,638 - INFO - [BatchDiff] Saved 0 updates (0.2 KB)
2026-02-19 21:37:12 2026-02-20 06:37:12,638 - INFO - [Checkpoint Timing] History copy took 0.000s, JSON write took 0.003s
2026-02-19 21:37:12 2026-02-20 06:37:12,641 - INFO - [Checkpoint Timing] Differential checkpoint internal: mkdir=0.000s, copy=0.000s, json=0.003s, meta=0.002s, delete=0.001s, total=0.006s
2026-02-19 21:37:12 2026-02-20 06:37:12,641 - INFO - [Checkpoint Timing] Differential checkpoint save took 0.006s at step 300
2026-02-19 21:37:12  31%|████████████▍                           | 310/1000 [01:42<02:54,  3.96it/s]2026-02-20 06:37:14,435 - INFO - [BatchDiff] GPU step 310, Updates: 210 (on-demand mode)
2026-02-19 21:37:14  32%|████████████▊                           | 320/1000 [01:43<02:03,  5.51it/s]2026-02-20 06:37:16,221 - INFO - [BatchDiff] GPU step 320, Updates: 220 (on-demand mode)
2026-02-19 21:37:14 {'loss': 0.6851, 'learning_rate': 1e-07, 'epoch': 4.92}
2026-02-19 21:37:16  33%|█████████████▏                          | 330/1000 [01:45<01:58,  5.68it/s]2026-02-20 06:37:17,945 - INFO - [BatchDiff] GPU step 330, Updates: 230 (on-demand mode)
2026-02-19 21:37:16 {'loss': 0.6787, 'learning_rate': 1e-07, 'epoch': 5.08}
2026-02-19 21:37:17  34%|█████████████▌                          | 340/1000 [01:47<01:58,  5.58it/s]2026-02-20 06:37:19,740 - INFO - [BatchDiff] GPU step 340, Updates: 240 (on-demand mode)
2026-02-19 21:37:17 {'loss': 0.6824, 'learning_rate': 1e-07, 'epoch': 5.24}
2026-02-19 21:37:19  35%|██████████████                          | 350/1000 [01:49<01:52,  5.77it/s]2026-02-20 06:37:21,498 - INFO - [BatchDiff] GPU step 350, Updates: 250 (on-demand mode)
2026-02-19 21:37:19 {'loss': 0.6179, 'learning_rate': 1e-07, 'epoch': 5.4}
2026-02-19 21:37:21  36%|██████████████▍                         | 360/1000 [01:50<01:53,  5.65it/s]2026-02-20 06:37:23,293 - INFO - [BatchDiff] GPU step 360, Updates: 260 (on-demand mode)
2026-02-19 21:37:21 {'loss': 0.642, 'learning_rate': 1e-07, 'epoch': 5.56}
2026-02-19 21:37:23  37%|██████████████▊                         | 370/1000 [01:52<01:53,  5.54it/s]2026-02-20 06:37:25,112 - INFO - [BatchDiff] GPU step 370, Updates: 270 (on-demand mode)
2026-02-19 21:37:23 {'loss': 0.7195, 'learning_rate': 1e-07, 'epoch': 5.71}
2026-02-19 21:37:25  38%|███████████████▏                        | 380/1000 [01:54<01:46,  5.81it/s]2026-02-20 06:37:26,872 - INFO - [BatchDiff] GPU step 380, Updates: 280 (on-demand mode)
2026-02-19 21:37:25 {'loss': 0.6708, 'learning_rate': 1e-07, 'epoch': 5.87}
2026-02-19 21:37:26  39%|███████████████▌                        | 390/1000 [01:56<01:47,  5.68it/s]2026-02-20 06:37:28,648 - INFO - [BatchDiff] GPU step 390, Updates: 290 (on-demand mode)
2026-02-19 21:37:26 {'loss': 0.6494, 'learning_rate': 1e-07, 'epoch': 6.03}
2026-02-19 21:37:28  40%|████████████████                        | 400/1000 [01:58<01:45,  5.70it/s]2026-02-20 06:37:30,450 - INFO - [BatchDiff] GPU step 400, Updates: 300 (on-demand mode)
2026-02-19 21:37:28 {'loss': 0.6761, 'learning_rate': 1e-07, 'epoch': 6.19}
2026-02-19 21:37:30  40%|████████████████                        | 400/1000 [02:04<01:45,  5.70it/s]2026-02-20 06:37:36,525 - INFO - [BatchDiff] Saving differential checkpoint at step 400...
2026-02-19 21:37:30 {'loss': 0.6747, 'learning_rate': 1e-07, 'epoch': 6.35}
2026-02-19 21:37:30 2026-02-20 06:37:36,528 - INFO - [BatchDiff] Saved 99 updates (7.6 KB)          
2026-02-19 21:37:36 {'eval_loss': 0.6533203125, 'eval_model_preparation_time': 0.0581, 'eval_runtime': 6.0081, 'eval_samples_per_second': 83.222, 'eval_steps_per_second': 10.486, 'epoch': 6.35}
2026-02-19 21:37:36 2026-02-20 06:37:36,528 - INFO - [Checkpoint Timing] History copy took 0.000s, JSON write took 0.002s
2026-02-19 21:37:36 2026-02-20 06:37:36,531 - INFO - [Checkpoint Timing] Differential checkpoint internal: mkdir=0.000s, copy=0.000s, json=0.002s, meta=0.002s, delete=0.001s, total=0.006s
2026-02-19 21:37:36 2026-02-20 06:37:36,531 - INFO - [Checkpoint Timing] Differential checkpoint save took 0.006s at step 400
2026-02-19 21:37:36 2026-02-20 06:37:36,531 - INFO - [ZOTrainer] Differential checkpoint at step 400, total took 0.013s
2026-02-19 21:37:36 2026-02-20 06:37:36,531 - INFO - [BatchDiff] Saving differential checkpoint at step 400...
2026-02-19 21:37:36 2026-02-20 06:37:36,534 - INFO - [BatchDiff] Saved 0 updates (0.2 KB)
2026-02-19 21:37:36 2026-02-20 06:37:36,534 - INFO - [Checkpoint Timing] History copy took 0.000s, JSON write took 0.003s
2026-02-19 21:37:36 2026-02-20 06:37:36,537 - INFO - [Checkpoint Timing] Differential checkpoint internal: mkdir=0.000s, copy=0.000s, json=0.003s, meta=0.003s, delete=0.001s, total=0.007s
2026-02-19 21:37:36 2026-02-20 06:37:36,537 - INFO - [Checkpoint Timing] Differential checkpoint save took 0.007s at step 400
2026-02-19 21:37:36  41%|████████████████▍                       | 410/1000 [02:05<02:26,  4.03it/s]2026-02-20 06:37:38,303 - INFO - [BatchDiff] GPU step 410, Updates: 310 (on-demand mode)
2026-02-19 21:37:38  42%|████████████████▊                       | 420/1000 [02:07<01:42,  5.68it/s]2026-02-20 06:37:40,076 - INFO - [BatchDiff] GPU step 420, Updates: 320 (on-demand mode)
2026-02-19 21:37:38 {'loss': 0.4881, 'learning_rate': 1e-07, 'epoch': 6.51}
2026-02-19 21:37:40  43%|█████████████████▏                      | 430/1000 [02:09<01:39,  5.70it/s]2026-02-20 06:37:41,834 - INFO - [BatchDiff] GPU step 430, Updates: 330 (on-demand mode)
2026-02-19 21:37:40 {'loss': 0.7626, 'learning_rate': 1e-07, 'epoch': 6.67}
2026-02-19 21:37:41  44%|█████████████████▌                      | 440/1000 [02:11<01:39,  5.61it/s]2026-02-20 06:37:43,613 - INFO - [BatchDiff] GPU step 440, Updates: 340 (on-demand mode)
2026-02-19 21:37:41 {'loss': 0.6267, 'learning_rate': 1e-07, 'epoch': 6.83}
2026-02-19 21:37:43  45%|██████████████████                      | 450/1000 [02:13<01:42,  5.34it/s]2026-02-20 06:37:45,431 - INFO - [BatchDiff] GPU step 450, Updates: 350 (on-demand mode)
2026-02-19 21:37:43 {'loss': 0.6149, 'learning_rate': 1e-07, 'epoch': 6.98}
2026-02-19 21:37:45  46%|██████████████████▍                     | 460/1000 [02:14<01:36,  5.60it/s]2026-02-20 06:37:47,221 - INFO - [BatchDiff] GPU step 460, Updates: 360 (on-demand mode)
2026-02-19 21:37:45 {'loss': 0.6211, 'learning_rate': 1e-07, 'epoch': 7.14}
2026-02-19 21:37:47  47%|██████████████████▊                     | 470/1000 [02:16<01:32,  5.73it/s]2026-02-20 06:37:48,978 - INFO - [BatchDiff] GPU step 470, Updates: 370 (on-demand mode)
2026-02-19 21:37:47 {'loss': 0.6427, 'learning_rate': 1e-07, 'epoch': 7.3}
2026-02-19 21:37:48  48%|███████████████████▏                    | 480/1000 [02:18<01:30,  5.71it/s]2026-02-20 06:37:50,735 - INFO - [BatchDiff] GPU step 480, Updates: 380 (on-demand mode)
2026-02-19 21:37:48 {'loss': 0.6287, 'learning_rate': 1e-07, 'epoch': 7.46}
2026-02-19 21:37:50  49%|███████████████████▌                    | 490/1000 [02:20<01:32,  5.52it/s]2026-02-20 06:37:52,530 - INFO - [BatchDiff] GPU step 490, Updates: 390 (on-demand mode)
2026-02-19 21:37:50 {'loss': 0.7156, 'learning_rate': 1e-07, 'epoch': 7.62}
2026-02-19 21:37:52  50%|████████████████████                    | 500/1000 [02:21<01:27,  5.69it/s]2026-02-20 06:37:54,325 - INFO - [BatchDiff] GPU step 500, Updates: 400 (on-demand mode)
2026-02-19 21:37:52 {'loss': 0.5867, 'learning_rate': 1e-07, 'epoch': 7.78}
2026-02-19 21:37:54  50%|████████████████████                    | 500/1000 [02:28<01:27,  5.69it/s]2026-02-20 06:38:00,398 - INFO - [BatchDiff] Saving differential checkpoint at step 500...
2026-02-19 21:37:54 {'loss': 0.6267, 'learning_rate': 1e-07, 'epoch': 7.94}
2026-02-19 21:37:54 2026-02-20 06:38:00,401 - INFO - [BatchDiff] Saved 99 updates (7.5 KB)          
2026-02-19 21:38:00 {'eval_loss': 0.64208984375, 'eval_model_preparation_time': 0.0581, 'eval_runtime': 6.0062, 'eval_samples_per_second': 83.248, 'eval_steps_per_second': 10.489, 'epoch': 7.94}
2026-02-19 21:38:00 2026-02-20 06:38:00,401 - INFO - [Checkpoint Timing] History copy took 0.000s, JSON write took 0.003s
2026-02-19 21:38:00 2026-02-20 06:38:00,404 - INFO - [Checkpoint Timing] Differential checkpoint internal: mkdir=0.000s, copy=0.000s, json=0.003s, meta=0.002s, delete=0.001s, total=0.006s
2026-02-19 21:38:00 2026-02-20 06:38:00,404 - INFO - [Checkpoint Timing] Differential checkpoint save took 0.007s at step 500
2026-02-19 21:38:00 2026-02-20 06:38:00,404 - INFO - [ZOTrainer] Differential checkpoint at step 500, total took 0.013s
2026-02-19 21:38:00 2026-02-20 06:38:00,404 - INFO - [BatchDiff] Saving differential checkpoint at step 500...
2026-02-19 21:38:00 2026-02-20 06:38:00,408 - INFO - [BatchDiff] Saved 0 updates (0.2 KB)
2026-02-19 21:38:00 2026-02-20 06:38:00,408 - INFO - [Checkpoint Timing] History copy took 0.000s, JSON write took 0.003s
2026-02-19 21:38:00 2026-02-20 06:38:00,412 - INFO - [Checkpoint Timing] Differential checkpoint internal: mkdir=0.000s, copy=0.000s, json=0.003s, meta=0.003s, delete=0.001s, total=0.007s
2026-02-19 21:38:00 2026-02-20 06:38:00,412 - INFO - [Checkpoint Timing] Differential checkpoint save took 0.007s at step 500
2026-02-19 21:38:00  51%|████████████████████▍                   | 510/1000 [02:29<02:05,  3.91it/s]2026-02-20 06:38:02,170 - INFO - [BatchDiff] GPU step 510, Updates: 410 (on-demand mode)
2026-02-19 21:38:02  52%|████████████████████▊                   | 520/1000 [02:31<01:27,  5.48it/s]2026-02-20 06:38:03,949 - INFO - [BatchDiff] GPU step 520, Updates: 420 (on-demand mode)
2026-02-19 21:38:02 {'loss': 0.6533, 'learning_rate': 1e-07, 'epoch': 8.1}
2026-02-19 21:38:03  53%|█████████████████████▏                  | 530/1000 [02:33<01:24,  5.54it/s]2026-02-20 06:38:05,782 - INFO - [BatchDiff] GPU step 530, Updates: 430 (on-demand mode)
2026-02-19 21:38:03 {'loss': 0.6291, 'learning_rate': 1e-07, 'epoch': 8.25}
2026-02-19 21:38:06  54%|█████████████████████▌                  | 540/1000 [02:35<01:21,  5.63it/s]2026-02-20 06:38:07,560 - INFO - [BatchDiff] GPU step 540, Updates: 440 (on-demand mode)
2026-02-19 21:38:06 {'loss': 0.7084, 'learning_rate': 1e-07, 'epoch': 8.41}
2026-02-19 21:38:07  55%|██████████████████████                  | 550/1000 [02:36<01:20,  5.58it/s]2026-02-20 06:38:09,341 - INFO - [BatchDiff] GPU step 550, Updates: 450 (on-demand mode)
2026-02-19 21:38:07 {'loss': 0.7063, 'learning_rate': 1e-07, 'epoch': 8.57}
2026-02-19 21:38:09  56%|██████████████████████▍                 | 560/1000 [02:38<01:17,  5.64it/s]2026-02-20 06:38:11,101 - INFO - [BatchDiff] GPU step 560, Updates: 460 (on-demand mode)
2026-02-19 21:38:09 {'loss': 0.5678, 'learning_rate': 1e-07, 'epoch': 8.73}
2026-02-19 21:38:11  57%|██████████████████████▊                 | 570/1000 [02:40<01:14,  5.74it/s]2026-02-20 06:38:12,851 - INFO - [BatchDiff] GPU step 570, Updates: 470 (on-demand mode)
2026-02-19 21:38:11 {'loss': 0.5943, 'learning_rate': 1e-07, 'epoch': 8.89}
2026-02-19 21:38:12  58%|███████████████████████▏                | 580/1000 [02:42<01:14,  5.62it/s]2026-02-20 06:38:14,634 - INFO - [BatchDiff] GPU step 580, Updates: 480 (on-demand mode)
2026-02-19 21:38:12 {'loss': 0.589, 'learning_rate': 1e-07, 'epoch': 9.05}
2026-02-19 21:38:14  59%|███████████████████████▌                | 590/1000 [02:43<01:11,  5.76it/s]2026-02-20 06:38:16,382 - INFO - [BatchDiff] GPU step 590, Updates: 490 (on-demand mode)
2026-02-19 21:38:14 {'loss': 0.6153, 'learning_rate': 1e-07, 'epoch': 9.21}
2026-02-19 21:38:16  60%|████████████████████████                | 600/1000 [02:45<01:13,  5.45it/s]2026-02-20 06:38:18,214 - INFO - [BatchDiff] GPU step 600, Updates: 500 (on-demand mode)
2026-02-19 21:38:16 {'loss': 0.6575, 'learning_rate': 1e-07, 'epoch': 9.37}
2026-02-19 21:38:18  60%|████████████████████████                | 600/1000 [02:51<01:13,  5.45it/s]2026-02-20 06:38:24,282 - INFO - [BatchDiff] Saving differential checkpoint at step 600...
2026-02-19 21:38:18 {'loss': 0.6087, 'learning_rate': 1e-07, 'epoch': 9.52}
2026-02-19 21:38:18 2026-02-20 06:38:24,285 - INFO - [BatchDiff] Saved 99 updates (7.5 KB)          
2026-02-19 21:38:24 {'eval_loss': 0.61767578125, 'eval_model_preparation_time': 0.0581, 'eval_runtime': 6.0014, 'eval_samples_per_second': 83.314, 'eval_steps_per_second': 10.498, 'epoch': 9.52}
2026-02-19 21:38:24 2026-02-20 06:38:24,285 - INFO - [Checkpoint Timing] History copy took 0.000s, JSON write took 0.003s
2026-02-19 21:38:24 2026-02-20 06:38:24,288 - INFO - [Checkpoint Timing] Differential checkpoint internal: mkdir=0.000s, copy=0.000s, json=0.003s, meta=0.002s, delete=0.001s, total=0.006s
2026-02-19 21:38:24 2026-02-20 06:38:24,288 - INFO - [Checkpoint Timing] Differential checkpoint save took 0.007s at step 600
2026-02-19 21:38:24 2026-02-20 06:38:24,288 - INFO - [ZOTrainer] Differential checkpoint at step 600, total took 0.013s
2026-02-19 21:38:24 2026-02-20 06:38:24,288 - INFO - [BatchDiff] Saving differential checkpoint at step 600...
2026-02-19 21:38:24 2026-02-20 06:38:24,291 - INFO - [BatchDiff] Saved 0 updates (0.2 KB)
2026-02-19 21:38:24 2026-02-20 06:38:24,291 - INFO - [Checkpoint Timing] History copy took 0.000s, JSON write took 0.003s
2026-02-19 21:38:24 2026-02-20 06:38:24,295 - INFO - [Checkpoint Timing] Differential checkpoint internal: mkdir=0.000s, copy=0.000s, json=0.003s, meta=0.003s, delete=0.001s, total=0.007s
2026-02-19 21:38:24 2026-02-20 06:38:24,295 - INFO - [Checkpoint Timing] Differential checkpoint save took 0.007s at step 600
2026-02-19 21:38:24  61%|████████████████████████▍               | 610/1000 [02:53<01:37,  4.01it/s]2026-02-20 06:38:26,062 - INFO - [BatchDiff] GPU step 610, Updates: 510 (on-demand mode)
2026-02-19 21:38:26  62%|████████████████████████▊               | 620/1000 [02:55<01:10,  5.42it/s]2026-02-20 06:38:27,879 - INFO - [BatchDiff] GPU step 620, Updates: 520 (on-demand mode)
2026-02-19 21:38:26 {'loss': 0.5946, 'learning_rate': 1e-07, 'epoch': 9.68}
2026-02-19 21:38:27  63%|█████████████████████████▏              | 630/1000 [02:57<01:03,  5.87it/s]2026-02-20 06:38:29,609 - INFO - [BatchDiff] GPU step 630, Updates: 530 (on-demand mode)
2026-02-19 21:38:27 {'loss': 0.6299, 'learning_rate': 1e-07, 'epoch': 9.84}
2026-02-19 21:38:29  64%|█████████████████████████▌              | 640/1000 [02:58<01:02,  5.73it/s]2026-02-20 06:38:31,366 - INFO - [BatchDiff] GPU step 640, Updates: 540 (on-demand mode)
2026-02-19 21:38:29 {'loss': 0.6112, 'learning_rate': 1e-07, 'epoch': 10.0}
2026-02-19 21:38:31  65%|██████████████████████████              | 650/1000 [03:00<01:02,  5.62it/s]2026-02-20 06:38:33,124 - INFO - [BatchDiff] GPU step 650, Updates: 550 (on-demand mode)
2026-02-19 21:38:31 {'loss': 0.6227, 'learning_rate': 1e-07, 'epoch': 10.16}
2026-02-19 21:38:33  66%|██████████████████████████▍             | 660/1000 [03:02<01:01,  5.54it/s]2026-02-20 06:38:34,926 - INFO - [BatchDiff] GPU step 660, Updates: 560 (on-demand mode)
2026-02-19 21:38:33 {'loss': 0.5707, 'learning_rate': 1e-07, 'epoch': 10.32}
2026-02-19 21:38:34  67%|██████████████████████████▊             | 670/1000 [03:04<00:55,  5.94it/s]2026-02-20 06:38:36,678 - INFO - [BatchDiff] GPU step 670, Updates: 570 (on-demand mode)
2026-02-19 21:38:34 {'loss': 0.588, 'learning_rate': 1e-07, 'epoch': 10.48}
2026-02-19 21:38:36  68%|███████████████████████████▏            | 680/1000 [03:06<00:59,  5.35it/s]2026-02-20 06:38:38,484 - INFO - [BatchDiff] GPU step 680, Updates: 580 (on-demand mode)
2026-02-19 21:38:36 {'loss': 0.5693, 'learning_rate': 1e-07, 'epoch': 10.63}
2026-02-19 21:38:38  69%|███████████████████████████▌            | 690/1000 [03:07<00:57,  5.42it/s]2026-02-20 06:38:40,275 - INFO - [BatchDiff] GPU step 690, Updates: 590 (on-demand mode)
2026-02-19 21:38:38 {'loss': 0.5958, 'learning_rate': 1e-07, 'epoch': 10.79}
2026-02-19 21:38:40  70%|████████████████████████████            | 700/1000 [03:09<00:54,  5.51it/s]2026-02-20 06:38:42,034 - INFO - [BatchDiff] GPU step 700, Updates: 600 (on-demand mode)
2026-02-19 21:38:40 {'loss': 0.5988, 'learning_rate': 1e-07, 'epoch': 10.95}
2026-02-19 21:38:42  70%|████████████████████████████            | 700/1000 [03:15<00:54,  5.51it/s]2026-02-20 06:38:48,099 - INFO - [BatchDiff] Saving differential checkpoint at step 700...
2026-02-19 21:38:42 {'loss': 0.5988, 'learning_rate': 1e-07, 'epoch': 11.11}
2026-02-19 21:38:42 2026-02-20 06:38:48,102 - INFO - [BatchDiff] Saved 99 updates (7.6 KB)          
2026-02-19 21:38:48 {'eval_loss': 0.59619140625, 'eval_model_preparation_time': 0.0581, 'eval_runtime': 5.9982, 'eval_samples_per_second': 83.358, 'eval_steps_per_second': 10.503, 'epoch': 11.11}
2026-02-19 21:38:48 2026-02-20 06:38:48,102 - INFO - [Checkpoint Timing] History copy took 0.000s, JSON write took 0.003s
2026-02-19 21:38:48 2026-02-20 06:38:48,106 - INFO - [Checkpoint Timing] Differential checkpoint internal: mkdir=0.000s, copy=0.000s, json=0.003s, meta=0.002s, delete=0.001s, total=0.006s
2026-02-19 21:38:48 2026-02-20 06:38:48,106 - INFO - [Checkpoint Timing] Differential checkpoint save took 0.006s at step 700
2026-02-19 21:38:48 2026-02-20 06:38:48,106 - INFO - [ZOTrainer] Differential checkpoint at step 700, total took 0.014s
2026-02-19 21:38:48 2026-02-20 06:38:48,106 - INFO - [BatchDiff] Saving differential checkpoint at step 700...
2026-02-19 21:38:48 2026-02-20 06:38:48,109 - INFO - [BatchDiff] Saved 0 updates (0.2 KB)
2026-02-19 21:38:48 2026-02-20 06:38:48,109 - INFO - [Checkpoint Timing] History copy took 0.000s, JSON write took 0.003s
2026-02-19 21:38:48 2026-02-20 06:38:48,113 - INFO - [Checkpoint Timing] Differential checkpoint internal: mkdir=0.000s, copy=0.000s, json=0.003s, meta=0.003s, delete=0.001s, total=0.007s
2026-02-19 21:38:48 2026-02-20 06:38:48,113 - INFO - [Checkpoint Timing] Differential checkpoint save took 0.007s at step 700
2026-02-19 21:38:48  71%|████████████████████████████▍           | 710/1000 [03:17<01:14,  3.90it/s]2026-02-20 06:38:49,945 - INFO - [BatchDiff] GPU step 710, Updates: 610 (on-demand mode)
2026-02-19 21:38:49  72%|████████████████████████████▊           | 720/1000 [03:19<00:50,  5.54it/s]2026-02-20 06:38:51,759 - INFO - [BatchDiff] GPU step 720, Updates: 620 (on-demand mode)
2026-02-19 21:38:49 {'loss': 0.6577, 'learning_rate': 1e-07, 'epoch': 11.27}
2026-02-19 21:38:51  73%|█████████████████████████████▏          | 730/1000 [03:21<00:49,  5.49it/s]2026-02-20 06:38:53,531 - INFO - [BatchDiff] GPU step 730, Updates: 630 (on-demand mode)
2026-02-19 21:38:51 {'loss': 0.6056, 'learning_rate': 1e-07, 'epoch': 11.43}
2026-02-19 21:38:53  74%|█████████████████████████████▌          | 740/1000 [03:22<00:44,  5.81it/s]2026-02-20 06:38:55,290 - INFO - [BatchDiff] GPU step 740, Updates: 640 (on-demand mode)
2026-02-19 21:38:53 {'loss': 0.5462, 'learning_rate': 1e-07, 'epoch': 11.59}
2026-02-19 21:38:55  75%|██████████████████████████████          | 750/1000 [03:24<00:43,  5.72it/s]2026-02-20 06:38:57,049 - INFO - [BatchDiff] GPU step 750, Updates: 650 (on-demand mode)
2026-02-19 21:38:55 {'loss': 0.6443, 'learning_rate': 1e-07, 'epoch': 11.75}
2026-02-19 21:38:57  76%|██████████████████████████████▍         | 760/1000 [03:26<00:44,  5.39it/s]2026-02-20 06:38:58,846 - INFO - [BatchDiff] GPU step 760, Updates: 660 (on-demand mode)
2026-02-19 21:38:57 {'loss': 0.5637, 'learning_rate': 1e-07, 'epoch': 11.9}
2026-02-19 21:38:58  77%|██████████████████████████████▊         | 770/1000 [03:28<00:40,  5.72it/s]2026-02-20 06:39:00,597 - INFO - [BatchDiff] GPU step 770, Updates: 670 (on-demand mode)
2026-02-19 21:38:58 {'loss': 0.6407, 'learning_rate': 1e-07, 'epoch': 12.06}
2026-02-19 21:39:00  78%|███████████████████████████████▏        | 780/1000 [03:29<00:40,  5.49it/s]2026-02-20 06:39:02,384 - INFO - [BatchDiff] GPU step 780, Updates: 680 (on-demand mode)
2026-02-19 21:39:00 {'loss': 0.5921, 'learning_rate': 1e-07, 'epoch': 12.22}
2026-02-19 21:39:02  79%|███████████████████████████████▌        | 790/1000 [03:31<00:37,  5.53it/s]2026-02-20 06:39:04,174 - INFO - [BatchDiff] GPU step 790, Updates: 690 (on-demand mode)
2026-02-19 21:39:02 {'loss': 0.4819, 'learning_rate': 1e-07, 'epoch': 12.38}
2026-02-19 21:39:04  80%|████████████████████████████████        | 800/1000 [03:33<00:35,  5.62it/s]2026-02-20 06:39:05,966 - INFO - [BatchDiff] GPU step 800, Updates: 700 (on-demand mode)
2026-02-19 21:39:04 {'loss': 0.5281, 'learning_rate': 1e-07, 'epoch': 12.54}
2026-02-19 21:39:05  80%|████████████████████████████████        | 800/1000 [03:39<00:35,  5.62it/s]2026-02-20 06:39:12,032 - INFO - [BatchDiff] Saving differential checkpoint at step 800...
2026-02-19 21:39:05 {'loss': 0.6277, 'learning_rate': 1e-07, 'epoch': 12.7}
2026-02-19 21:39:06 2026-02-20 06:39:12,036 - INFO - [BatchDiff] Saved 99 updates (7.5 KB)          
2026-02-19 21:39:12 {'eval_loss': 0.583984375, 'eval_model_preparation_time': 0.0581, 'eval_runtime': 5.9997, 'eval_samples_per_second': 83.337, 'eval_steps_per_second': 10.5, 'epoch': 12.7}
2026-02-19 21:39:12 2026-02-20 06:39:12,036 - INFO - [Checkpoint Timing] History copy took 0.000s, JSON write took 0.003s
2026-02-19 21:39:12 2026-02-20 06:39:12,039 - INFO - [Checkpoint Timing] Differential checkpoint internal: mkdir=0.000s, copy=0.000s, json=0.003s, meta=0.002s, delete=0.001s, total=0.006s
2026-02-19 21:39:12 2026-02-20 06:39:12,039 - INFO - [Checkpoint Timing] Differential checkpoint save took 0.006s at step 800
2026-02-19 21:39:12 2026-02-20 06:39:12,039 - INFO - [ZOTrainer] Differential checkpoint at step 800, total took 0.014s
2026-02-19 21:39:12 2026-02-20 06:39:12,039 - INFO - [BatchDiff] Saving differential checkpoint at step 800...
2026-02-19 21:39:12 2026-02-20 06:39:12,042 - INFO - [BatchDiff] Saved 0 updates (0.2 KB)
2026-02-19 21:39:12 2026-02-20 06:39:12,042 - INFO - [Checkpoint Timing] History copy took 0.000s, JSON write took 0.003s
2026-02-19 21:39:12 2026-02-20 06:39:12,046 - INFO - [Checkpoint Timing] Differential checkpoint internal: mkdir=0.000s, copy=0.000s, json=0.003s, meta=0.003s, delete=0.001s, total=0.007s
2026-02-19 21:39:12 2026-02-20 06:39:12,046 - INFO - [Checkpoint Timing] Differential checkpoint save took 0.007s at step 800
2026-02-19 21:39:12  81%|████████████████████████████████▍       | 810/1000 [03:41<00:47,  4.00it/s]2026-02-20 06:39:13,829 - INFO - [BatchDiff] GPU step 810, Updates: 710 (on-demand mode)
2026-02-19 21:39:13  82%|████████████████████████████████▊       | 820/1000 [03:43<00:31,  5.78it/s]2026-02-20 06:39:15,570 - INFO - [BatchDiff] GPU step 820, Updates: 720 (on-demand mode)
2026-02-19 21:39:13 {'loss': 0.5736, 'learning_rate': 1e-07, 'epoch': 12.86}
2026-02-19 21:39:15  83%|█████████████████████████████████▏      | 830/1000 [03:44<00:30,  5.61it/s]2026-02-20 06:39:17,345 - INFO - [BatchDiff] GPU step 830, Updates: 730 (on-demand mode)
2026-02-19 21:39:15 {'loss': 0.6155, 'learning_rate': 1e-07, 'epoch': 13.02}
2026-02-19 21:39:17  84%|█████████████████████████████████▌      | 840/1000 [03:46<00:28,  5.55it/s]2026-02-20 06:39:19,148 - INFO - [BatchDiff] GPU step 840, Updates: 740 (on-demand mode)
2026-02-19 21:39:17 {'loss': 0.5284, 'learning_rate': 1e-07, 'epoch': 13.17}
2026-02-19 21:39:19  85%|██████████████████████████████████      | 850/1000 [03:48<00:27,  5.51it/s]2026-02-20 06:39:20,933 - INFO - [BatchDiff] GPU step 850, Updates: 750 (on-demand mode)
2026-02-19 21:39:19 {'loss': 0.6259, 'learning_rate': 1e-07, 'epoch': 13.33}
2026-02-19 21:39:21  86%|██████████████████████████████████▍     | 860/1000 [03:50<00:25,  5.44it/s]2026-02-20 06:39:22,752 - INFO - [BatchDiff] GPU step 860, Updates: 760 (on-demand mode)
2026-02-19 21:39:21 {'loss': 0.5066, 'learning_rate': 1e-07, 'epoch': 13.49}
2026-02-19 21:39:22  87%|██████████████████████████████████▊     | 870/1000 [03:52<00:23,  5.43it/s]2026-02-20 06:39:24,564 - INFO - [BatchDiff] GPU step 870, Updates: 770 (on-demand mode)
2026-02-19 21:39:22 {'loss': 0.5616, 'learning_rate': 1e-07, 'epoch': 13.65}
2026-02-19 21:39:24  88%|███████████████████████████████████▏    | 880/1000 [03:53<00:21,  5.57it/s]2026-02-20 06:39:26,358 - INFO - [BatchDiff] GPU step 880, Updates: 780 (on-demand mode)
2026-02-19 21:39:24 {'loss': 0.5859, 'learning_rate': 1e-07, 'epoch': 13.81}
2026-02-19 21:39:26  89%|███████████████████████████████████▌    | 890/1000 [03:55<00:19,  5.70it/s]2026-02-20 06:39:28,109 - INFO - [BatchDiff] GPU step 890, Updates: 790 (on-demand mode)
2026-02-19 21:39:26 {'loss': 0.6324, 'learning_rate': 1e-07, 'epoch': 13.97}
2026-02-19 21:39:28  90%|████████████████████████████████████    | 900/1000 [03:57<00:17,  5.67it/s]2026-02-20 06:39:29,903 - INFO - [BatchDiff] GPU step 900, Updates: 800 (on-demand mode)
2026-02-19 21:39:28 {'loss': 0.6112, 'learning_rate': 1e-07, 'epoch': 14.13}
2026-02-19 21:39:29  90%|████████████████████████████████████    | 900/1000 [04:03<00:17,  5.67it/s]2026-02-20 06:39:35,975 - INFO - [BatchDiff] Saving differential checkpoint at step 900...
2026-02-19 21:39:29 {'loss': 0.5745, 'learning_rate': 1e-07, 'epoch': 14.29}
2026-02-19 21:39:30 2026-02-20 06:39:35,979 - INFO - [BatchDiff] Saved 99 updates (7.6 KB)          
2026-02-19 21:39:36 {'eval_loss': 0.58056640625, 'eval_model_preparation_time': 0.0581, 'eval_runtime': 6.0047, 'eval_samples_per_second': 83.268, 'eval_steps_per_second': 10.492, 'epoch': 14.29}
2026-02-19 21:39:36 2026-02-20 06:39:35,979 - INFO - [Checkpoint Timing] History copy took 0.000s, JSON write took 0.003s
2026-02-19 21:39:36 2026-02-20 06:39:35,981 - INFO - [Checkpoint Timing] Differential checkpoint internal: mkdir=0.000s, copy=0.000s, json=0.003s, meta=0.002s, delete=0.001s, total=0.006s
2026-02-19 21:39:36 2026-02-20 06:39:35,981 - INFO - [Checkpoint Timing] Differential checkpoint save took 0.006s at step 900
2026-02-19 21:39:36 2026-02-20 06:39:35,981 - INFO - [ZOTrainer] Differential checkpoint at step 900, total took 0.014s
2026-02-19 21:39:36 2026-02-20 06:39:35,981 - INFO - [BatchDiff] Saving differential checkpoint at step 900...
2026-02-19 21:39:36 2026-02-20 06:39:35,984 - INFO - [BatchDiff] Saved 0 updates (0.2 KB)
2026-02-19 21:39:36 2026-02-20 06:39:35,984 - INFO - [Checkpoint Timing] History copy took 0.000s, JSON write took 0.003s
2026-02-19 21:39:36 2026-02-20 06:39:35,988 - INFO - [Checkpoint Timing] Differential checkpoint internal: mkdir=0.000s, copy=0.000s, json=0.003s, meta=0.003s, delete=0.001s, total=0.006s
2026-02-19 21:39:36 2026-02-20 06:39:35,988 - INFO - [Checkpoint Timing] Differential checkpoint save took 0.006s at step 900
2026-02-19 21:39:36  91%|████████████████████████████████████▍   | 910/1000 [04:05<00:22,  3.97it/s]2026-02-20 06:39:37,783 - INFO - [BatchDiff] GPU step 910, Updates: 810 (on-demand mode)
2026-02-19 21:39:37  92%|████████████████████████████████████▊   | 920/1000 [04:07<00:14,  5.52it/s]2026-02-20 06:39:39,586 - INFO - [BatchDiff] GPU step 920, Updates: 820 (on-demand mode)
2026-02-19 21:39:37 {'loss': 0.6197, 'learning_rate': 1e-07, 'epoch': 14.44}
2026-02-19 21:39:39  93%|█████████████████████████████████████▏  | 930/1000 [04:08<00:12,  5.60it/s]2026-02-20 06:39:41,387 - INFO - [BatchDiff] GPU step 930, Updates: 830 (on-demand mode)
2026-02-19 21:39:39 {'loss': 0.5299, 'learning_rate': 1e-07, 'epoch': 14.6}
2026-02-19 21:39:41  94%|█████████████████████████████████████▌  | 940/1000 [04:10<00:10,  5.63it/s]2026-02-20 06:39:43,178 - INFO - [BatchDiff] GPU step 940, Updates: 840 (on-demand mode)
2026-02-19 21:39:41 {'loss': 0.5824, 'learning_rate': 1e-07, 'epoch': 14.76}
2026-02-19 21:39:43  95%|██████████████████████████████████████  | 950/1000 [04:12<00:08,  5.62it/s]2026-02-20 06:39:44,962 - INFO - [BatchDiff] GPU step 950, Updates: 850 (on-demand mode)
2026-02-19 21:39:43 {'loss': 0.5023, 'learning_rate': 1e-07, 'epoch': 14.92}
2026-02-19 21:39:44  96%|██████████████████████████████████████▍ | 960/1000 [04:14<00:07,  5.39it/s]2026-02-20 06:39:46,763 - INFO - [BatchDiff] GPU step 960, Updates: 860 (on-demand mode)
2026-02-19 21:39:44 {'loss': 0.6508, 'learning_rate': 1e-07, 'epoch': 15.08}
2026-02-19 21:39:46  97%|██████████████████████████████████████▊ | 970/1000 [04:16<00:05,  5.60it/s]2026-02-20 06:39:48,552 - INFO - [BatchDiff] GPU step 970, Updates: 870 (on-demand mode)
2026-02-19 21:39:46 {'loss': 0.5427, 'learning_rate': 1e-07, 'epoch': 15.24}
2026-02-19 21:39:48  98%|███████████████████████████████████████▏| 980/1000 [04:17<00:03,  5.56it/s]2026-02-20 06:39:50,326 - INFO - [BatchDiff] GPU step 980, Updates: 880 (on-demand mode)
2026-02-19 21:39:48 {'loss': 0.5235, 'learning_rate': 1e-07, 'epoch': 15.4}
2026-02-19 21:39:50  99%|███████████████████████████████████████▌| 990/1000 [04:19<00:01,  5.56it/s]2026-02-20 06:39:52,119 - INFO - [BatchDiff] GPU step 990, Updates: 890 (on-demand mode)
2026-02-19 21:39:50 {'loss': 0.5349, 'learning_rate': 1e-07, 'epoch': 15.56}
2026-02-19 21:39:52 100%|███████████████████████████████████████| 1000/1000 [04:21<00:00,  5.53it/s]2026-02-20 06:39:53,929 - INFO - [BatchDiff] GPU step 1000, Updates: 900 (on-demand mode)
2026-02-19 21:39:52 {'loss': 0.5734, 'learning_rate': 1e-07, 'epoch': 15.71}
2026-02-19 21:39:53 100%|███████████████████████████████████████| 1000/1000 [04:27<00:00,  5.53it/s]2026-02-20 06:39:59,996 - INFO - [BatchDiff] Saving differential checkpoint at step 1000...
2026-02-19 21:39:53 {'loss': 0.6806, 'learning_rate': 1e-07, 'epoch': 15.87}
2026-02-19 21:39:54 2026-02-20 06:40:00,001 - INFO - [BatchDiff] Saved 99 updates (7.6 KB)          
2026-02-19 21:39:59 {'eval_loss': 0.57568359375, 'eval_model_preparation_time': 0.0581, 'eval_runtime': 6.0004, 'eval_samples_per_second': 83.327, 'eval_steps_per_second': 10.499, 'epoch': 15.87}
2026-02-19 21:40:00 2026-02-20 06:40:00,001 - INFO - [Checkpoint Timing] History copy took 0.000s, JSON write took 0.004s
2026-02-19 21:40:00 2026-02-20 06:40:00,003 - INFO - [Checkpoint Timing] Differential checkpoint internal: mkdir=0.000s, copy=0.000s, json=0.004s, meta=0.002s, delete=0.001s, total=0.007s
2026-02-19 21:40:00 2026-02-20 06:40:00,004 - INFO - [Checkpoint Timing] Differential checkpoint save took 0.007s at step 1000
2026-02-19 21:40:00 2026-02-20 06:40:00,004 - INFO - [ZOTrainer] Differential checkpoint at step 1000, total took 0.014s
2026-02-19 21:40:00 2026-02-20 06:40:00,004 - INFO - [BatchDiff] Saving differential checkpoint at step 1000...
2026-02-19 21:40:00 2026-02-20 06:40:00,006 - INFO - [BatchDiff] Saved 0 updates (0.2 KB)
2026-02-19 21:40:00 2026-02-20 06:40:00,006 - INFO - [Checkpoint Timing] History copy took 0.000s, JSON write took 0.003s
2026-02-19 21:40:00 2026-02-20 06:40:00,010 - INFO - [Checkpoint Timing] Differential checkpoint internal: mkdir=0.000s, copy=0.000s, json=0.003s, meta=0.002s, delete=0.001s, total=0.006s
2026-02-19 21:40:00 2026-02-20 06:40:00,010 - INFO - [Checkpoint Timing] Differential checkpoint save took 0.006s at step 1000
2026-02-19 21:40:00 2026-02-20 06:40:00,010 - INFO -
2026-02-19 21:40:00 
2026-02-19 21:40:00 Training completed. Do not forget to share your model on huggingface.co/models =)
2026-02-19 21:40:00 
2026-02-19 21:40:00 
2026-02-19 21:40:00 100%|███████████████████████████████████████| 1000/1000 [04:27<00:00,  3.74it/s]
2026-02-19 21:40:00 {'train_runtime': 270.6442, 'train_samples_per_second': 59.118, 'train_steps_per_second': 3.695, 'train_loss': 0.6478670654296875, 'epoch': 15.87}
2026-02-19 21:40:00 2026-02-20 06:40:00,013 - INFO - [BatchDiff] Training ended, cleaning up...
2026-02-19 21:40:00 2026-02-20 06:40:00,019 - INFO - [BatchDiff] Final status: {'gpu_step': 1000, 'shadow_step': -1, 'shadow_available': False, 'enable_shadow': False, 'total_updates': 900, 'shadow_lag': -1, 'can_recover': True, 'batch_size': 1}
2026-02-19 21:40:00 2026-02-20 06:40:00,020 - INFO - [Timing Stats] Avg full checkpoint: 20.574s, Avg differential: 0.209s
2026-02-19 21:40:00 2026-02-20 06:40:00,027 - INFO - [BatchDiff] Done. 20 checkpoints saved